<?xml version="1.0" encoding="UTF-8"?>
<!-- Generated by org.testng.reporters.JUnitXMLReporter -->
<testsuite hostname="DESKTOP-N67OIFL" ignored="0" name="Command line test" tests="9" failures="1" timestamp="2022-02-08T13:44:49 IST" time="398.699" errors="0">
  <testcase name="loginTest" time="38.085" classname="buffaloerp.BuffaloCartLoginTest"/>
  <testcase name="createBug" time="66.067" classname="buffaloerp.BugTest"/>
  <testcase name="createFile" time="24.676" classname="buffaloerp.FileManagerTest"/>
  <testcase name="createNewUser" time="32.369" classname="buffaloerp.NewUserPageTest"/>
  <testcase name="profiledemo" time="25.808" classname="buffaloerp.ProfileSectionTest"/>
  <testcase name="sampletest" time="0.0" classname="buffaloerp.SampleTest">
    <failure type="java.lang.AssertionError" message="expected [false] but found [true]">
      <![CDATA[java.lang.AssertionError: expected [false] but found [true]
at buffaloerp.SampleTest.sampletest(SampleTest.java:11)
at java.util.ArrayList.forEach(ArrayList.java:1259)
... Removed 43 stack frames]]>
    </failure>
  </testcase> <!-- sampletest -->
  <testcase name="uploadPicture" time="27.195" classname="buffaloerp.UploadProfilePictureTest"/>
  <testcase name="verifyBug" time="27.263" classname="buffaloerp.VerifyBugTest"/>
  <testcase name="verifyUserName" time="24.753" classname="buffaloerp.VerifyUserPageTest"/>
</testsuite> <!-- Command line test -->
